2023-06-12 01:10:15 error: Error: Access denied for user 'root'@'localhost' (using password: YES)
    at Packet.asError (C:\Users\falco\OneDrive\바탕 화면\github\cruiseMate-community-react\server\node_modules\mysql2\lib\packets\packet.js:728:17)
    at ClientHandshake.execute (C:\Users\falco\OneDrive\바탕 화면\github\cruiseMate-community-react\server\node_modules\mysql2\lib\commands\command.js:29:26)
    at PoolConnection.handlePacket (C:\Users\falco\OneDrive\바탕 화면\github\cruiseMate-community-react\server\node_modules\mysql2\lib\connection.js:490:32)
    at PacketParser.onPacket (C:\Users\falco\OneDrive\바탕 화면\github\cruiseMate-community-react\server\node_modules\mysql2\lib\connection.js:95:12)
    at PacketParser.executeStart (C:\Users\falco\OneDrive\바탕 화면\github\cruiseMate-community-react\server\node_modules\mysql2\lib\packet_parser.js:75:16)
    at Socket.<anonymous> (C:\Users\falco\OneDrive\바탕 화면\github\cruiseMate-community-react\server\node_modules\mysql2\lib\connection.js:102:25)
    at Socket.emit (node:events:513:28)
    at addChunk (node:internal/streams/readable:324:12)
    at readableAddChunk (node:internal/streams/readable:297:9)
    at Readable.push (node:internal/streams/readable:234:10)
2023-06-12 01:17:56 error: Error: Access denied for user 'root'@'localhost' (using password: YES)
    at Packet.asError (C:\Users\falco\OneDrive\바탕 화면\github\cruiseMate-community-react\server\node_modules\mysql2\lib\packets\packet.js:728:17)
    at ClientHandshake.execute (C:\Users\falco\OneDrive\바탕 화면\github\cruiseMate-community-react\server\node_modules\mysql2\lib\commands\command.js:29:26)
    at PoolConnection.handlePacket (C:\Users\falco\OneDrive\바탕 화면\github\cruiseMate-community-react\server\node_modules\mysql2\lib\connection.js:490:32)
    at PacketParser.onPacket (C:\Users\falco\OneDrive\바탕 화면\github\cruiseMate-community-react\server\node_modules\mysql2\lib\connection.js:95:12)
    at PacketParser.executeStart (C:\Users\falco\OneDrive\바탕 화면\github\cruiseMate-community-react\server\node_modules\mysql2\lib\packet_parser.js:75:16)
    at Socket.<anonymous> (C:\Users\falco\OneDrive\바탕 화면\github\cruiseMate-community-react\server\node_modules\mysql2\lib\connection.js:102:25)
    at Socket.emit (node:events:513:28)
    at addChunk (node:internal/streams/readable:324:12)
    at readableAddChunk (node:internal/streams/readable:297:9)
    at Readable.push (node:internal/streams/readable:234:10)
2023-06-12 01:25:20 error: Error: Access denied for user 'root'@'localhost' (using password: YES)
    at Packet.asError (C:\Users\falco\OneDrive\바탕 화면\github\cruiseMate-community-react\server\node_modules\mysql2\lib\packets\packet.js:728:17)
    at ClientHandshake.execute (C:\Users\falco\OneDrive\바탕 화면\github\cruiseMate-community-react\server\node_modules\mysql2\lib\commands\command.js:29:26)
    at PoolConnection.handlePacket (C:\Users\falco\OneDrive\바탕 화면\github\cruiseMate-community-react\server\node_modules\mysql2\lib\connection.js:490:32)
    at PacketParser.onPacket (C:\Users\falco\OneDrive\바탕 화면\github\cruiseMate-community-react\server\node_modules\mysql2\lib\connection.js:95:12)
    at PacketParser.executeStart (C:\Users\falco\OneDrive\바탕 화면\github\cruiseMate-community-react\server\node_modules\mysql2\lib\packet_parser.js:75:16)
    at Socket.<anonymous> (C:\Users\falco\OneDrive\바탕 화면\github\cruiseMate-community-react\server\node_modules\mysql2\lib\connection.js:102:25)
    at Socket.emit (node:events:513:28)
    at addChunk (node:internal/streams/readable:324:12)
    at readableAddChunk (node:internal/streams/readable:297:9)
    at Readable.push (node:internal/streams/readable:234:10)
2023-06-12 01:34:11 error: Error: Access denied for user 'root'@'localhost' (using password: YES)
    at Packet.asError (C:\Users\falco\OneDrive\바탕 화면\github\cruiseMate-community-react\server\node_modules\mysql2\lib\packets\packet.js:728:17)
    at ClientHandshake.execute (C:\Users\falco\OneDrive\바탕 화면\github\cruiseMate-community-react\server\node_modules\mysql2\lib\commands\command.js:29:26)
    at PoolConnection.handlePacket (C:\Users\falco\OneDrive\바탕 화면\github\cruiseMate-community-react\server\node_modules\mysql2\lib\connection.js:490:32)
    at PacketParser.onPacket (C:\Users\falco\OneDrive\바탕 화면\github\cruiseMate-community-react\server\node_modules\mysql2\lib\connection.js:95:12)
    at PacketParser.executeStart (C:\Users\falco\OneDrive\바탕 화면\github\cruiseMate-community-react\server\node_modules\mysql2\lib\packet_parser.js:75:16)
    at Socket.<anonymous> (C:\Users\falco\OneDrive\바탕 화면\github\cruiseMate-community-react\server\node_modules\mysql2\lib\connection.js:102:25)
    at Socket.emit (node:events:513:28)
    at addChunk (node:internal/streams/readable:324:12)
    at readableAddChunk (node:internal/streams/readable:297:9)
    at Readable.push (node:internal/streams/readable:234:10)
2023-06-12 01:34:39 error: Error: Access denied for user 'root'@'localhost' (using password: YES)
    at Packet.asError (C:\Users\falco\OneDrive\바탕 화면\github\cruiseMate-community-react\server\node_modules\mysql2\lib\packets\packet.js:728:17)
    at ClientHandshake.execute (C:\Users\falco\OneDrive\바탕 화면\github\cruiseMate-community-react\server\node_modules\mysql2\lib\commands\command.js:29:26)
    at PoolConnection.handlePacket (C:\Users\falco\OneDrive\바탕 화면\github\cruiseMate-community-react\server\node_modules\mysql2\lib\connection.js:490:32)
    at PacketParser.onPacket (C:\Users\falco\OneDrive\바탕 화면\github\cruiseMate-community-react\server\node_modules\mysql2\lib\connection.js:95:12)
    at PacketParser.executeStart (C:\Users\falco\OneDrive\바탕 화면\github\cruiseMate-community-react\server\node_modules\mysql2\lib\packet_parser.js:75:16)
    at Socket.<anonymous> (C:\Users\falco\OneDrive\바탕 화면\github\cruiseMate-community-react\server\node_modules\mysql2\lib\connection.js:102:25)
    at Socket.emit (node:events:513:28)
    at addChunk (node:internal/streams/readable:324:12)
    at readableAddChunk (node:internal/streams/readable:297:9)
    at Readable.push (node:internal/streams/readable:234:10)
2023-06-12 01:40:48 error: ReferenceError: Logger is not defined
    at Object.insertSpot (C:\Users\falco\OneDrive\바탕 화면\github\cruiseMate-community-react\server\src\model\user\UserModel.js:701:5)
    at insertSpot (C:\Users\falco\OneDrive\바탕 화면\github\cruiseMate-community-react\server\src\controller\user\UserController.js:297:39)
    at process.processTicksAndRejections (node:internal/process/task_queues:95:5)
2023-06-12 01:41:14 error: ReferenceError: Logger is not defined
    at Object.insertSpot (C:\Users\falco\OneDrive\바탕 화면\github\cruiseMate-community-react\server\src\model\user\UserModel.js:701:5)
    at insertSpot (C:\Users\falco\OneDrive\바탕 화면\github\cruiseMate-community-react\server\src\controller\user\UserController.js:297:39)
    at process.processTicksAndRejections (node:internal/process/task_queues:95:5)
2023-06-12 01:41:23 error: ReferenceError: Logger is not defined
    at Object.insertSpot (C:\Users\falco\OneDrive\바탕 화면\github\cruiseMate-community-react\server\src\model\user\UserModel.js:701:5)
    at insertSpot (C:\Users\falco\OneDrive\바탕 화면\github\cruiseMate-community-react\server\src\controller\user\UserController.js:297:39)
    at process.processTicksAndRejections (node:internal/process/task_queues:95:5)
2023-06-12 01:42:18 error: ReferenceError: Logger is not defined
    at Object.insertSpot (C:\Users\falco\OneDrive\바탕 화면\github\cruiseMate-community-react\server\src\model\user\UserModel.js:701:5)
    at process.processTicksAndRejections (node:internal/process/task_queues:95:5)
    at async insertSpot (C:\Users\falco\OneDrive\바탕 화면\github\cruiseMate-community-react\server\src\controller\user\UserController.js:297:23)
2023-06-12 01:47:43 error: ReferenceError: Logger is not defined
    at Object.insertSpot (C:\Users\falco\OneDrive\바탕 화면\github\cruiseMate-community-react\server\src\model\user\UserModel.js:701:5)
    at process.processTicksAndRejections (node:internal/process/task_queues:95:5)
    at async insertSpot (C:\Users\falco\OneDrive\바탕 화면\github\cruiseMate-community-react\server\src\controller\user\UserController.js:297:23)
2023-06-12 01:49:52 error: ReferenceError: Logger is not defined
    at Object.insertSpot (C:\Users\falco\OneDrive\바탕 화면\github\cruiseMate-community-react\server\src\model\user\UserModel.js:701:5)
    at process.processTicksAndRejections (node:internal/process/task_queues:95:5)
    at async insertSpot (C:\Users\falco\OneDrive\바탕 화면\github\cruiseMate-community-react\server\src\controller\user\UserController.js:297:23)
2023-06-12 01:55:18 error: ReferenceError: Logger is not defined
    at Object.insertSpot (C:\Users\falco\OneDrive\바탕 화면\github\cruiseMate-community-react\server\src\model\user\UserModel.js:701:5)
    at process.processTicksAndRejections (node:internal/process/task_queues:95:5)
    at async insertSpot (C:\Users\falco\OneDrive\바탕 화면\github\cruiseMate-community-react\server\src\controller\user\UserController.js:297:23)
2023-06-12 01:57:11 error: ReferenceError: Logger is not defined
    at Object.insertSpot (C:\Users\falco\OneDrive\바탕 화면\github\cruiseMate-community-react\server\src\model\user\UserModel.js:701:5)
    at process.processTicksAndRejections (node:internal/process/task_queues:95:5)
    at async insertSpot (C:\Users\falco\OneDrive\바탕 화면\github\cruiseMate-community-react\server\src\controller\user\UserController.js:297:23)
2023-06-12 02:07:42 error: ReferenceError: Logger is not defined
    at Object.insertSpot (C:\Users\falco\OneDrive\바탕 화면\github\cruiseMate-community-react\server\src\model\user\UserModel.js:701:5)
    at process.processTicksAndRejections (node:internal/process/task_queues:95:5)
    at async insertSpot (C:\Users\falco\OneDrive\바탕 화면\github\cruiseMate-community-react\server\src\controller\user\UserController.js:297:23)
2023-06-12 02:10:20 error: ReferenceError: Logger is not defined
    at Object.insertSpot (C:\Users\falco\OneDrive\바탕 화면\github\cruiseMate-community-react\server\src\model\user\UserModel.js:701:5)
    at process.processTicksAndRejections (node:internal/process/task_queues:95:5)
    at async insertSpot (C:\Users\falco\OneDrive\바탕 화면\github\cruiseMate-community-react\server\src\controller\user\UserController.js:297:23)
2023-06-12 02:17:17 error: TypeError: connection.exec is not a function
    at Object.insertSpot (C:\Users\falco\OneDrive\바탕 화면\github\cruiseMate-community-react\server\src\model\user\UserModel.js:695:34)
    at process.processTicksAndRejections (node:internal/process/task_queues:95:5)
    at async insertSpot (C:\Users\falco\OneDrive\바탕 화면\github\cruiseMate-community-react\server\src\controller\user\UserController.js:297:23)
2023-06-12 02:19:34 error: TypeError: connection.exec is not a function
    at Object.insertSpot (C:\Users\falco\OneDrive\바탕 화면\github\cruiseMate-community-react\server\src\model\user\UserModel.js:695:34)
    at process.processTicksAndRejections (node:internal/process/task_queues:95:5)
    at async insertSpot (C:\Users\falco\OneDrive\바탕 화면\github\cruiseMate-community-react\server\src\controller\user\UserController.js:297:23)
2023-06-12 02:25:00 error: Error: Data too long for column 'uuid' at row 1
    at PromisePoolConnection.query (C:\Users\falco\OneDrive\바탕 화면\github\cruiseMate-community-react\server\node_modules\mysql2\promise.js:93:22)
    at Object.insertSpot (C:\Users\falco\OneDrive\바탕 화면\github\cruiseMate-community-react\server\src\model\user\UserModel.js:695:34)
    at process.processTicksAndRejections (node:internal/process/task_queues:95:5)
    at async insertSpot (C:\Users\falco\OneDrive\바탕 화면\github\cruiseMate-community-react\server\src\controller\user\UserController.js:297:23)
2023-06-12 02:25:48 error: Error: Field 'id' doesn't have a default value
    at PromisePoolConnection.query (C:\Users\falco\OneDrive\바탕 화면\github\cruiseMate-community-react\server\node_modules\mysql2\promise.js:93:22)
    at Object.insertSpot (C:\Users\falco\OneDrive\바탕 화면\github\cruiseMate-community-react\server\src\model\user\UserModel.js:695:34)
    at process.processTicksAndRejections (node:internal/process/task_queues:95:5)
    at async insertSpot (C:\Users\falco\OneDrive\바탕 화면\github\cruiseMate-community-react\server\src\controller\user\UserController.js:297:23)
2023-06-12 02:38:52 error: Error: Unknown column 'create_dat' in 'field list'
    at PromisePoolConnection.query (C:\Users\falco\OneDrive\바탕 화면\github\cruiseMate-community-react\server\node_modules\mysql2\promise.js:93:22)
    at Object.insertSpot (C:\Users\falco\OneDrive\바탕 화면\github\cruiseMate-community-react\server\src\model\user\UserModel.js:695:34)
    at process.processTicksAndRejections (node:internal/process/task_queues:95:5)
    at async insertSpot (C:\Users\falco\OneDrive\바탕 화면\github\cruiseMate-community-react\server\src\controller\user\UserController.js:297:23)
2023-06-12 02:39:06 error: Error: You have an error in your SQL syntax; check the manual that corresponds to your MySQL server version for the right syntax to use near '용산구 보광로 126)' at line 1
    at PromisePoolConnection.query (C:\Users\falco\OneDrive\바탕 화면\github\cruiseMate-community-react\server\node_modules\mysql2\promise.js:93:22)
    at Object.insertSpot (C:\Users\falco\OneDrive\바탕 화면\github\cruiseMate-community-react\server\src\model\user\UserModel.js:695:34)
    at process.processTicksAndRejections (node:internal/process/task_queues:95:5)
    at async insertSpot (C:\Users\falco\OneDrive\바탕 화면\github\cruiseMate-community-react\server\src\controller\user\UserController.js:297:23)
2023-06-12 02:39:40 error: Error: You have an error in your SQL syntax; check the manual that corresponds to your MySQL server version for the right syntax to use near '용산구 보광로 126)' at line 1
    at PromisePoolConnection.query (C:\Users\falco\OneDrive\바탕 화면\github\cruiseMate-community-react\server\node_modules\mysql2\promise.js:93:22)
    at Object.insertSpot (C:\Users\falco\OneDrive\바탕 화면\github\cruiseMate-community-react\server\src\model\user\UserModel.js:695:34)
    at process.processTicksAndRejections (node:internal/process/task_queues:95:5)
    at async insertSpot (C:\Users\falco\OneDrive\바탕 화면\github\cruiseMate-community-react\server\src\controller\user\UserController.js:297:23)
2023-06-12 02:41:05 error: Error: Unknown column 'create_dat' in 'field list'
    at PromisePoolConnection.query (C:\Users\falco\OneDrive\바탕 화면\github\cruiseMate-community-react\server\node_modules\mysql2\promise.js:93:22)
    at Object.insertSpot (C:\Users\falco\OneDrive\바탕 화면\github\cruiseMate-community-react\server\src\model\user\UserModel.js:695:34)
    at process.processTicksAndRejections (node:internal/process/task_queues:95:5)
    at async insertSpot (C:\Users\falco\OneDrive\바탕 화면\github\cruiseMate-community-react\server\src\controller\user\UserController.js:297:23)
2023-06-12 02:41:29 error: Error: Unknown column 'create_dat' in 'field list'
    at PromisePoolConnection.query (C:\Users\falco\OneDrive\바탕 화면\github\cruiseMate-community-react\server\node_modules\mysql2\promise.js:93:22)
    at Object.insertSpot (C:\Users\falco\OneDrive\바탕 화면\github\cruiseMate-community-react\server\src\model\user\UserModel.js:695:34)
    at process.processTicksAndRejections (node:internal/process/task_queues:95:5)
    at async insertSpot (C:\Users\falco\OneDrive\바탕 화면\github\cruiseMate-community-react\server\src\controller\user\UserController.js:297:23)
2023-06-12 02:41:50 error: Error: Unknown column 'create_dat' in 'field list'
    at PromisePoolConnection.query (C:\Users\falco\OneDrive\바탕 화면\github\cruiseMate-community-react\server\node_modules\mysql2\promise.js:93:22)
    at Object.insertSpot (C:\Users\falco\OneDrive\바탕 화면\github\cruiseMate-community-react\server\src\model\user\UserModel.js:695:34)
    at process.processTicksAndRejections (node:internal/process/task_queues:95:5)
    at async insertSpot (C:\Users\falco\OneDrive\바탕 화면\github\cruiseMate-community-react\server\src\controller\user\UserController.js:297:23)
2023-06-12 02:42:56 error: Error: Unknown column 'create_dat' in 'field list'
    at PromisePoolConnection.query (C:\Users\falco\OneDrive\바탕 화면\github\cruiseMate-community-react\server\node_modules\mysql2\promise.js:93:22)
    at Object.insertSpot (C:\Users\falco\OneDrive\바탕 화면\github\cruiseMate-community-react\server\src\model\user\UserModel.js:695:34)
    at process.processTicksAndRejections (node:internal/process/task_queues:95:5)
    at async insertSpot (C:\Users\falco\OneDrive\바탕 화면\github\cruiseMate-community-react\server\src\controller\user\UserController.js:297:23)
